#
# There is insufficient memory for the Java Runtime Environment to continue.
# Native memory allocation (malloc) failed to allocate 32784 bytes for Chunk::new
# Possible reasons:
#   The system is out of physical RAM or swap space
#   The process is running with CompressedOops enabled, and the Java Heap may be blocking the growth of the native heap
# Possible solutions:
#   Reduce memory load on the system
#   Increase physical memory or swap space
#   Check if swap backing store is full
#   Decrease Java heap size (-Xmx/-Xms)
#   Decrease number of Java threads
#   Decrease Java thread stack sizes (-Xss)
#   Set larger code cache with -XX:ReservedCodeCacheSize=
#   JVM is running with Unscaled Compressed Oops mode in which the Java heap is
#     placed in the first 4GB address space. The Java Heap base address is the
#     maximum limit for the native heap growth. Please use -XX:HeapBaseMinAddress
#     to set the Java Heap base and to place the Java Heap above 4GB virtual address.
# This output file may be truncated or incomplete.
#
#  Out of Memory Error (allocation.cpp:389), pid=10816, tid=0x00000000000016f0
#
# JRE version: OpenJDK Runtime Environment (8.0_202-b03) (build 1.8.0_202-release-1483-b03)
# Java VM: OpenJDK 64-Bit Server VM (25.202-b03 mixed mode windows-amd64 compressed oops)
# Failed to write core dump. Minidumps are not enabled by default on client versions of Windows
#

---------------  T H R E A D  ---------------

Current thread (0x0000000018485800):  JavaThread "C2 CompilerThread2" daemon [_thread_in_native, id=5872, stack(0x0000000018f30000,0x0000000019030000)]

Stack: [0x0000000018f30000,0x0000000019030000]
[error occurred during error reporting (printing stack bounds), id 0xc0000005]

Native frames: (J=compiled Java code, j=interpreted, Vv=VM code, C=native code)


Current CompileTask:
C2:  78013 10783       4       org.gradle.internal.resources.DefaultResourceLockCoordinationService::getCurrent (58 bytes)


---------------  P R O C E S S  ---------------

Java Threads: ( => current thread )
  0x000000001eed8800 JavaThread "stdout" [_thread_in_native, id=16888, stack(0x0000000028b20000,0x0000000028c20000)]
  0x000000001eed7800 JavaThread "stderr" [_thread_in_native, id=384, stack(0x0000000028a20000,0x0000000028b20000)]
  0x000000001eed6000 JavaThread "stdout" [_thread_in_native, id=3824, stack(0x0000000028920000,0x0000000028a20000)]
  0x000000001eed5800 JavaThread "stderr" [_thread_in_native, id=20632, stack(0x0000000028820000,0x0000000028920000)]
  0x000000001eed4800 JavaThread "stdout" [_thread_in_native, id=20804, stack(0x0000000028340000,0x0000000028440000)]
  0x000000001eed7000 JavaThread "stderr" [_thread_in_native, id=3992, stack(0x0000000028500000,0x0000000028600000)]
  0x000000001eecc800 JavaThread "stdout" [_thread_in_native, id=16176, stack(0x0000000028720000,0x0000000028820000)]
  0x000000001eecd000 JavaThread "stderr" [_thread_in_native, id=17900, stack(0x0000000028620000,0x0000000028720000)]
  0x000000001eece000 JavaThread "stdout" [_thread_in_native, id=13744, stack(0x0000000028240000,0x0000000028340000)]
  0x000000001eed3000 JavaThread "stderr" [_thread_in_native, id=21768, stack(0x0000000028140000,0x0000000028240000)]
  0x000000001eecb800 JavaThread "stdout" [_thread_in_native, id=24384, stack(0x0000000028040000,0x0000000028140000)]
  0x000000001eed2800 JavaThread "stderr" [_thread_in_native, id=2656, stack(0x0000000027cb0000,0x0000000027db0000)]
  0x000000001eecb000 JavaThread "stdout" [_thread_in_native, id=5092, stack(0x0000000027950000,0x0000000027a50000)]
  0x000000001eed1800 JavaThread "stderr" [_thread_in_native, id=9616, stack(0x0000000027f40000,0x0000000028040000)]
  0x000000001eed1000 JavaThread "stdout" [_thread_in_native, id=24048, stack(0x0000000027e40000,0x0000000027f40000)]
  0x000000001eeca000 JavaThread "stderr" [_thread_in_native, id=18080, stack(0x0000000027bb0000,0x0000000027cb0000)]
  0x000000001eecf800 JavaThread "WorkerExecutor Queue Thread 8" [_thread_blocked, id=3956, stack(0x0000000027ab0000,0x0000000027bb0000)]
  0x000000001eed0000 JavaThread "WorkerExecutor Queue Thread 7" [_thread_blocked, id=18040, stack(0x0000000027370000,0x0000000027470000)]
  0x000000001eece800 JavaThread "WorkerExecutor Queue Thread 6" [_thread_blocked, id=16640, stack(0x00000000276d0000,0x00000000277d0000)]
  0x000000001a98f800 JavaThread "WorkerExecutor Queue Thread 5" [_thread_blocked, id=22896, stack(0x0000000027850000,0x0000000027950000)]
  0x000000001a98d800 JavaThread "WorkerExecutor Queue Thread 4" [_thread_blocked, id=15592, stack(0x00000000275d0000,0x00000000276d0000)]
  0x000000001a98c000 JavaThread "pool-4-thread-1" [_thread_blocked, id=16304, stack(0x00000000274d0000,0x00000000275d0000)]
  0x000000001dc57000 JavaThread "WorkerExecutor Queue Thread 3" [_thread_blocked, id=10968, stack(0x0000000027270000,0x0000000027370000)]
  0x000000001dc55800 JavaThread "WorkerExecutor Queue Thread 2" [_thread_blocked, id=22140, stack(0x0000000027170000,0x0000000027270000)]
  0x000000001dc5b000 JavaThread "WorkerExecutor Queue" [_thread_blocked, id=13752, stack(0x0000000026e70000,0x0000000026f70000)]
  0x000000001dc58000 JavaThread "Cache worker for execution history cache (C:\CASTRO\Personales\ING. SISTEMAS\Movil\Motoposadapp\.gradle\5.4.1\executionHistory)" [_thread_blocked, id=7744, stack(0x0000000026d70000,0x0000000026e70000)]
  0x000000001dc4c800 JavaThread "Execution worker for ':' Thread 7" [_thread_in_native, id=2884, stack(0x0000000026c70000,0x0000000026d70000)]
  0x000000001dc53800 JavaThread "Execution worker for ':' Thread 6" [_thread_blocked, id=22408, stack(0x0000000026b70000,0x0000000026c70000)]
  0x000000001dc52800 JavaThread "Execution worker for ':' Thread 5" [_thread_blocked, id=14764, stack(0x0000000026a70000,0x0000000026b70000)]
  0x000000001dc50800 JavaThread "Execution worker for ':' Thread 4" [_thread_blocked, id=904, stack(0x00000000266d0000,0x00000000267d0000)]
  0x000000001dc4f000 JavaThread "Execution worker for ':' Thread 3" [_thread_blocked, id=25104, stack(0x00000000265d0000,0x00000000266d0000)]
  0x000000001dc52000 JavaThread "Execution worker for ':' Thread 2" [_thread_blocked, id=20912, stack(0x00000000264d0000,0x00000000265d0000)]
  0x000000001dc4d800 JavaThread "Execution worker for ':'" [_thread_blocked, id=19292, stack(0x0000000026170000,0x0000000026270000)]
  0x000000001dc51000 JavaThread "Cache worker for file content cache (C:\CASTRO\Personales\ING. SISTEMAS\Movil\Motoposadapp\.gradle\5.4.1\fileContent)" [_thread_blocked, id=16620, stack(0x0000000023990000,0x0000000023a90000)]
  0x000000001b935800 JavaThread "Cache worker for file content cache (C:\Users\jdcastro\.gradle\caches\5.4.1\fileContent)" [_thread_blocked, id=8048, stack(0x0000000023490000,0x0000000023590000)]
  0x000000001b936800 JavaThread "Cache worker for Build Output Cleanup Cache (C:\CASTRO\Personales\ING. SISTEMAS\Movil\Motoposadapp\.gradle\buildOutputCleanup)" [_thread_blocked, id=13904, stack(0x0000000022f90000,0x0000000023090000)]
  0x000000001b935000 JavaThread "pool-3-thread-1" [_thread_blocked, id=13100, stack(0x0000000022e90000,0x0000000022f90000)]
  0x000000001b934000 JavaThread "Build operations Thread 8" [_thread_blocked, id=25160, stack(0x0000000022ac0000,0x0000000022bc0000)]
  0x000000001b933800 JavaThread "Build operations Thread 7" [_thread_blocked, id=19940, stack(0x00000000219b0000,0x0000000021ab0000)]
  0x000000001b932800 JavaThread "Build operations Thread 6" [_thread_blocked, id=22740, stack(0x00000000218b0000,0x00000000219b0000)]
  0x000000001b92b000 JavaThread "Build operations Thread 5" [_thread_blocked, id=21604, stack(0x00000000217b0000,0x00000000218b0000)]
  0x000000001b932000 JavaThread "Build operations Thread 4" [_thread_blocked, id=23308, stack(0x00000000216b0000,0x00000000217b0000)]
  0x000000001b931000 JavaThread "Build operations Thread 3" [_thread_blocked, id=20564, stack(0x00000000215b0000,0x00000000216b0000)]
  0x000000001b930800 JavaThread "Build operations Thread 2" [_thread_blocked, id=25556, stack(0x000000001f920000,0x000000001fa20000)]
  0x000000001b92f800 JavaThread "Build operations" [_thread_blocked, id=8620, stack(0x000000001f820000,0x000000001f920000)]
  0x000000001b92a800 JavaThread "Cache worker for cache directory md-rule (C:\Users\jdcastro\.gradle\caches\5.4.1\md-rule)" [_thread_blocked, id=20668, stack(0x000000001f720000,0x000000001f820000)]
  0x000000001b928000 JavaThread "Cache worker for cache directory md-supplier (C:\Users\jdcastro\.gradle\caches\5.4.1\md-supplier)" [_thread_blocked, id=19496, stack(0x000000001f620000,0x000000001f720000)]
  0x000000001b929800 JavaThread "Cache worker for file hash cache (C:\CASTRO\Personales\ING. SISTEMAS\Movil\Motoposadapp\.gradle\5.4.1\fileHashes)" [_thread_in_native, id=22120, stack(0x000000001cc80000,0x000000001cd80000)]
  0x000000001b92f000 JavaThread "Thread-38" [_thread_blocked, id=5572, stack(0x000000001c880000,0x000000001c980000)]
  0x000000001b927800 JavaThread "Stdin handler" [_thread_blocked, id=7672, stack(0x000000001c580000,0x000000001c680000)]
  0x000000001b92c800 JavaThread "Asynchronous log dispatcher for DefaultDaemonConnection: socket connection from /127.0.0.1:65503 to /127.0.0.1:65514" [_thread_blocked, id=21452, stack(0x0000000000b60000,0x0000000000c60000)]
  0x000000001b92c000 JavaThread "Cancel handler" [_thread_blocked, id=612, stack(0x0000000000a60000,0x0000000000b60000)]
  0x000000001b92d800 JavaThread "Handler for socket connection from /127.0.0.1:65503 to /127.0.0.1:65514" [_thread_in_native, id=13564, stack(0x0000000000960000,0x0000000000a60000)]
  0x000000001dc59800 JavaThread "Memory manager" [_thread_blocked, id=11668, stack(0x0000000024090000,0x0000000024190000)]
  0x000000001a990800 JavaThread "Cache worker for execution history cache (C:\Users\jdcastro\.gradle\caches\5.4.1\executionHistory)" [_thread_blocked, id=7128, stack(0x00000000210b0000,0x00000000211b0000)]
  0x000000001a992800 JavaThread "Cache worker for journal cache (C:\Users\jdcastro\.gradle\caches\journal-1)" [_thread_blocked, id=16204, stack(0x000000001d180000,0x000000001d280000)]
  0x000000001ac63000 JavaThread "File lock request listener" [_thread_in_native, id=11416, stack(0x000000001d080000,0x000000001d180000)]
  0x000000001ac62000 JavaThread "Cache worker for file hash cache (C:\Users\jdcastro\.gradle\caches\5.4.1\fileHashes)" [_thread_blocked, id=22164, stack(0x000000001cd80000,0x000000001ce80000)]
  0x000000001a0c9000 JavaThread "Daemon worker" [_thread_blocked, id=11988, stack(0x000000001c980000,0x000000001ca80000)]
  0x000000001a1fe800 JavaThread "Daemon" [_thread_blocked, id=19196, stack(0x000000001c480000,0x000000001c580000)]
  0x000000001a212800 JavaThread "Daemon periodic checks" [_thread_blocked, id=23840, stack(0x000000001c380000,0x000000001c480000)]
  0x000000001a851800 JavaThread "Incoming local TCP Connector on port 65503" [_thread_in_native, id=13296, stack(0x000000001c110000,0x000000001c210000)]
  0x000000001a1a7000 JavaThread "Daemon health stats" [_thread_blocked, id=16724, stack(0x000000001bad0000,0x000000001bbd0000)]
  0x00000000184dc000 JavaThread "Service Thread" daemon [_thread_blocked, id=6696, stack(0x0000000019130000,0x0000000019230000)]
  0x00000000184a3000 JavaThread "C1 CompilerThread3" daemon [_thread_in_native, id=24012, stack(0x0000000019030000,0x0000000019130000)]
=>0x0000000018485800 JavaThread "C2 CompilerThread2" daemon [_thread_in_native, id=5872, stack(0x0000000018f30000,0x0000000019030000)]
  0x0000000018444000 JavaThread "C2 CompilerThread1" daemon [_thread_in_vm, id=8624, stack(0x0000000018e30000,0x0000000018f30000)]
  0x000000001843d800 JavaThread "C2 CompilerThread0" daemon [_thread_in_native, id=12148, stack(0x0000000018d30000,0x0000000018e30000)]
  0x000000001843c000 JavaThread "Attach Listener" daemon [_thread_blocked, id=16452, stack(0x0000000018c30000,0x0000000018d30000)]
  0x000000001843b800 JavaThread "Signal Dispatcher" daemon [_thread_blocked, id=17192, stack(0x0000000018b30000,0x0000000018c30000)]
  0x0000000018430800 JavaThread "Finalizer" daemon [_thread_blocked, id=1624, stack(0x0000000018910000,0x0000000018a10000)]
  0x000000001661c800 JavaThread "Reference Handler" daemon [_thread_blocked, id=23948, stack(0x0000000018810000,0x0000000018910000)]
  0x000000000285e800 JavaThread "main" [_thread_blocked, id=24096, stack(0x0000000002570000,0x0000000002670000)]

Other Threads:
  0x0000000016616000 VMThread [stack: 0x0000000018310000,0x0000000018410000] [id=12180]
  0x00000000184dc800 WatcherThread [stack: 0x0000000019230000,0x0000000019330000] [id=7568]

VM state:not at safepoint (normal execution)

VM Mutex/Monitor currently owned by a thread: None

heap address: 0x00000000a0000000, size: 1536 MB, Compressed Oops mode: 32-bit
Narrow klass base: 0x0000000000000000, Narrow klass shift: 3
Compressed class space size: 1073741824 Address: 0x0000000100000000

Heap:
 PSYoungGen      total 163328K, used 146439K [0x00000000e0000000, 0x00000000eb700000, 0x0000000100000000)
  eden space 144384K, 88% used [0x00000000e0000000,0x00000000e7c856c0,0x00000000e8d00000)
  from space 18944K, 99% used [0x00000000ea280000,0x00000000eb4fc558,0x00000000eb500000)
  to   space 21504K, 0% used [0x00000000e8d00000,0x00000000e8d00000,0x00000000ea200000)
 ParOldGen       total 296960K, used 35266K [0x00000000a0000000, 0x00000000b2200000, 0x00000000e0000000)
  object space 296960K, 11% used [0x00000000a0000000,0x00000000a2270ad8,0x00000000b2200000)
 Metaspace       used 71732K, capacity 74798K, committed 74880K, reserved 1114112K
  class space    used 9443K, capacity 10070K, committed 10112K, reserved 1048576K

Card table byte_map: [0x0000000011c20000,0x0000000011f30000] byte_map_base: 0x0000000011720000

Marking Bits: (ParMarkBitMap*) 0x000000006f649f30
 Begin Bits: [0x0000000012930000, 0x0000000014130000)
 End Bits:   [0x0000000014130000, 0x0000000015930000)

Polling page: 0x0000000000d50000

CodeCache: size=245760Kb used=31491Kb max_used=31503Kb free=214268Kb
 bounds [0x0000000002860000, 0x0000000004750000, 0x0000000011860000]
 total_blobs=10256 nmethods=9446 adapters=723
 compilation: enabled

Compilation events (10 events):
Event: 77.980 Thread 0x00000000184a3000 10786       3       org.gradle.internal.resources.ExclusiveAccessResourceLock::doIsLockedByCurrentThread (8 bytes)
Event: 77.981 Thread 0x00000000184a3000 nmethod 10786 0x000000000473f850 code [0x000000000473f9c0, 0x000000000473fdf0]
Event: 77.983 Thread 0x000000001843d800 10787       4       java.util.HashSet::clear (8 bytes)
Event: 77.983 Thread 0x0000000018444000 10788       4       org.gradle.internal.work.DefaultWorkerLeaseService$DefaultWorkerLease::doIsLockedByCurrentThread (23 bytes)
Event: 77.984 Thread 0x0000000018444000 nmethod 10788 0x000000000473d8d0 code [0x000000000473da00, 0x000000000473da98]
Event: 77.985 Thread 0x0000000018444000 10789       4       org.gradle.internal.resources.AbstractTrackedResourceLock::tryLock (69 bytes)
Event: 77.991 Thread 0x000000001843d800 nmethod 10787 0x00000000047404d0 code [0x0000000004740620, 0x00000000047407f8]
Event: 77.991 Thread 0x000000001843d800 10790       4       org.gradle.internal.work.DefaultWorkerLeaseService$DefaultWorkerLease::acquireLock (101 bytes)
Event: 78.001 Thread 0x000000001843d800 nmethod 10790 0x000000000473ef50 code [0x000000000473f0c0, 0x000000000473f398]
Event: 78.001 Thread 0x000000001843d800 10792   !   4       org.gradle.internal.resources.DefaultResourceLockCoordinationService$DefaultResourceLockState::releaseLocks (76 bytes)

GC Heap History (10 events):
Event: 28.219 GC heap before
{Heap before GC invocations=11 (full 2):
 PSYoungGen      total 124928K, used 116703K [0x00000000e0000000, 0x00000000e9380000, 0x0000000100000000)
  eden space 111104K, 92% used [0x00000000e0000000,0x00000000e647c428,0x00000000e6c80000)
  from space 13824K, 99% used [0x00000000e7c80000,0x00000000e89fb8b8,0x00000000e8a00000)
  to   space 16384K, 0% used [0x00000000e6c80000,0x00000000e6c80000,0x00000000e7c80000)
 ParOldGen       total 199680K, used 20197K [0x00000000a0000000, 0x00000000ac300000, 0x00000000e0000000)
  object space 199680K, 10% used [0x00000000a0000000,0x00000000a13b9408,0x00000000ac300000)
 Metaspace       used 57017K, capacity 59010K, committed 59096K, reserved 1099776K
  class space    used 7791K, capacity 8250K, committed 8320K, reserved 1048576K
Event: 28.248 GC heap after
Heap after GC invocations=11 (full 2):
 PSYoungGen      total 127488K, used 16364K [0x00000000e0000000, 0x00000000ea680000, 0x0000000100000000)
  eden space 111104K, 0% used [0x00000000e0000000,0x00000000e0000000,0x00000000e6c80000)
  from space 16384K, 99% used [0x00000000e6c80000,0x00000000e7c7b320,0x00000000e7c80000)
  to   space 19456K, 0% used [0x00000000e9380000,0x00000000e9380000,0x00000000ea680000)
 ParOldGen       total 199680K, used 23502K [0x00000000a0000000, 0x00000000ac300000, 0x00000000e0000000)
  object space 199680K, 11% used [0x00000000a0000000,0x00000000a16f39a8,0x00000000ac300000)
 Metaspace       used 57017K, capacity 59010K, committed 59096K, reserved 1099776K
  class space    used 7791K, capacity 8250K, committed 8320K, reserved 1048576K
}
Event: 28.248 GC heap before
{Heap before GC invocations=12 (full 3):
 PSYoungGen      total 127488K, used 16364K [0x00000000e0000000, 0x00000000ea680000, 0x0000000100000000)
  eden space 111104K, 0% used [0x00000000e0000000,0x00000000e0000000,0x00000000e6c80000)
  from space 16384K, 99% used [0x00000000e6c80000,0x00000000e7c7b320,0x00000000e7c80000)
  to   space 19456K, 0% used [0x00000000e9380000,0x00000000e9380000,0x00000000ea680000)
 ParOldGen       total 199680K, used 23502K [0x00000000a0000000, 0x00000000ac300000, 0x00000000e0000000)
  object space 199680K, 11% used [0x00000000a0000000,0x00000000a16f39a8,0x00000000ac300000)
 Metaspace       used 57017K, capacity 59010K, committed 59096K, reserved 1099776K
  class space    used 7791K, capacity 8250K, committed 8320K, reserved 1048576K
Event: 28.739 GC heap after
Heap after GC invocations=12 (full 3):
 PSYoungGen      total 127488K, used 0K [0x00000000e0000000, 0x00000000ea680000, 0x0000000100000000)
  eden space 111104K, 0% used [0x00000000e0000000,0x00000000e0000000,0x00000000e6c80000)
  from space 16384K, 0% used [0x00000000e6c80000,0x00000000e6c80000,0x00000000e7c80000)
  to   space 19456K, 0% used [0x00000000e9380000,0x00000000e9380000,0x00000000ea680000)
 ParOldGen       total 296960K, used 33864K [0x00000000a0000000, 0x00000000b2200000, 0x00000000e0000000)
  object space 296960K, 11% used [0x00000000a0000000,0x00000000a2112060,0x00000000b2200000)
 Metaspace       used 57005K, capacity 58968K, committed 59096K, reserved 1099776K
  class space    used 7787K, capacity 8243K, committed 8320K, reserved 1048576K
}
Event: 31.722 GC heap before
{Heap before GC invocations=13 (full 3):
 PSYoungGen      total 127488K, used 111104K [0x00000000e0000000, 0x00000000ea680000, 0x0000000100000000)
  eden space 111104K, 100% used [0x00000000e0000000,0x00000000e6c80000,0x00000000e6c80000)
  from space 16384K, 0% used [0x00000000e6c80000,0x00000000e6c80000,0x00000000e7c80000)
  to   space 19456K, 0% used [0x00000000e9380000,0x00000000e9380000,0x00000000ea680000)
 ParOldGen       total 296960K, used 33864K [0x00000000a0000000, 0x00000000b2200000, 0x00000000e0000000)
  object space 296960K, 11% used [0x00000000a0000000,0x00000000a2112060,0x00000000b2200000)
 Metaspace       used 62093K, capacity 64522K, committed 64640K, reserved 1105920K
  class space    used 8524K, capacity 9034K, committed 9088K, reserved 1048576K
Event: 31.742 GC heap after
Heap after GC invocations=13 (full 3):
 PSYoungGen      total 145920K, used 8724K [0x00000000e0000000, 0x00000000ea400000, 0x0000000100000000)
  eden space 129024K, 0% used [0x00000000e0000000,0x00000000e0000000,0x00000000e7e00000)
  from space 16896K, 51% used [0x00000000e9380000,0x00000000e9c051d0,0x00000000ea400000)
  to   space 19456K, 0% used [0x00000000e7e00000,0x00000000e7e00000,0x00000000e9100000)
 ParOldGen       total 296960K, used 33872K [0x00000000a0000000, 0x00000000b2200000, 0x00000000e0000000)
  object space 296960K, 11% used [0x00000000a0000000,0x00000000a2114060,0x00000000b2200000)
 Metaspace       used 62093K, capacity 64522K, committed 64640K, reserved 1105920K
  class space    used 8524K, capacity 9034K, committed 9088K, reserved 1048576K
}
Event: 36.532 GC heap before
{Heap before GC invocations=14 (full 3):
 PSYoungGen      total 145920K, used 137748K [0x00000000e0000000, 0x00000000ea400000, 0x0000000100000000)
  eden space 129024K, 100% used [0x00000000e0000000,0x00000000e7e00000,0x00000000e7e00000)
  from space 16896K, 51% used [0x00000000e9380000,0x00000000e9c051d0,0x00000000ea400000)
  to   space 19456K, 0% used [0x00000000e7e00000,0x00000000e7e00000,0x00000000e9100000)
 ParOldGen       total 296960K, used 33872K [0x00000000a0000000, 0x00000000b2200000, 0x00000000e0000000)
  object space 296960K, 11% used [0x00000000a0000000,0x00000000a2114060,0x00000000b2200000)
 Metaspace       used 67574K, capacity 70558K, committed 70656K, reserved 1110016K
  class space    used 9121K, capacity 9712K, committed 9728K, reserved 1048576K
Event: 36.553 GC heap after
Heap after GC invocations=14 (full 3):
 PSYoungGen      total 148480K, used 13157K [0x00000000e0000000, 0x00000000eb500000, 0x0000000100000000)
  eden space 129024K, 0% used [0x00000000e0000000,0x00000000e0000000,0x00000000e7e00000)
  from space 19456K, 67% used [0x00000000e7e00000,0x00000000e8ad9508,0x00000000e9100000)
  to   space 18944K, 0% used [0x00000000ea280000,0x00000000ea280000,0x00000000eb500000)
 ParOldGen       total 296960K, used 33880K [0x00000000a0000000, 0x00000000b2200000, 0x00000000e0000000)
  object space 296960K, 11% used [0x00000000a0000000,0x00000000a2116060,0x00000000b2200000)
 Metaspace       used 67574K, capacity 70558K, committed 70656K, reserved 1110016K
  class space    used 9121K, capacity 9712K, committed 9728K, reserved 1048576K
}
Event: 68.907 GC heap before
{Heap before GC invocations=15 (full 3):
 PSYoungGen      total 148480K, used 142181K [0x00000000e0000000, 0x00000000eb500000, 0x0000000100000000)
  eden space 129024K, 100% used [0x00000000e0000000,0x00000000e7e00000,0x00000000e7e00000)
  from space 19456K, 67% used [0x00000000e7e00000,0x00000000e8ad9508,0x00000000e9100000)
  to   space 18944K, 0% used [0x00000000ea280000,0x00000000ea280000,0x00000000eb500000)
 ParOldGen       total 296960K, used 33880K [0x00000000a0000000, 0x00000000b2200000, 0x00000000e0000000)
  object space 296960K, 11% used [0x00000000a0000000,0x00000000a2116060,0x00000000b2200000)
 Metaspace       used 71007K, capacity 74096K, committed 74368K, reserved 1114112K
  class space    used 9390K, capacity 10023K, committed 10112K, reserved 1048576K
Event: 68.944 GC heap after
Heap after GC invocations=15 (full 3):
 PSYoungGen      total 163328K, used 18929K [0x00000000e0000000, 0x00000000eb700000, 0x0000000100000000)
  eden space 144384K, 0% used [0x00000000e0000000,0x00000000e0000000,0x00000000e8d00000)
  from space 18944K, 99% used [0x00000000ea280000,0x00000000eb4fc558,0x00000000eb500000)
  to   space 21504K, 0% used [0x00000000e8d00000,0x00000000e8d00000,0x00000000ea200000)
 ParOldGen       total 296960K, used 35266K [0x00000000a0000000, 0x00000000b2200000, 0x00000000e0000000)
  object space 296960K, 11% used [0x00000000a0000000,0x00000000a2270ad8,0x00000000b2200000)
 Metaspace       used 71007K, capacity 74096K, committed 74368K, reserved 1114112K
  class space    used 9390K, capacity 10023K, committed 10112K, reserved 1048576K
}

Deoptimization events (10 events):
Event: 72.748 Thread 0x000000001dc50800 Uncommon trap: reason=class_check action=maybe_recompile pc=0x000000000453f72c method=com.sun.org.apache.xerces.internal.dom.ElementImpl.getAttributes()Lorg/w3c/dom/NamedNodeMap; @ 8
Event: 72.748 Thread 0x000000001dc50800 Uncommon trap: reason=class_check action=maybe_recompile pc=0x000000000453f72c method=com.sun.org.apache.xerces.internal.dom.ElementImpl.getAttributes()Lorg/w3c/dom/NamedNodeMap; @ 8
Event: 72.748 Thread 0x000000001dc50800 Uncommon trap: reason=class_check action=maybe_recompile pc=0x000000000453f72c method=com.sun.org.apache.xerces.internal.dom.ElementImpl.getAttributes()Lorg/w3c/dom/NamedNodeMap; @ 8
Event: 72.831 Thread 0x000000001dc50800 Uncommon trap: reason=unstable_if action=reinterpret pc=0x000000000461e0e4 method=com.android.utils.XmlUtils.toXmlAttributeValue(Ljava/lang/String;)Ljava/lang/String; @ 33
Event: 72.831 Thread 0x000000001dc50800 Uncommon trap: reason=unstable_if action=reinterpret pc=0x0000000004535278 method=com.android.utils.XmlUtils.toXmlAttributeValue(Ljava/lang/String;)Ljava/lang/String; @ 33
Event: 72.897 Thread 0x000000001dc50800 Uncommon trap: reason=unstable_if action=reinterpret pc=0x0000000004619864 method=com.android.utils.XmlUtils.append(Lcom/android/utils/XmlUtils$PositionAwareStringBuilder;Lorg/w3c/dom/Node;Ljava/util/Map;Ljava/util/Set;)V @ 540
Event: 72.902 Thread 0x000000001dc50800 Uncommon trap: reason=class_check action=maybe_recompile pc=0x0000000004600444 method=java.io.Writer.append(Ljava/lang/CharSequence;)Ljava/io/Writer; @ 20
Event: 72.933 Thread 0x000000001dc50800 Uncommon trap: reason=unstable_if action=reinterpret pc=0x00000000045e6e94 method=sun.nio.cs.UTF_8$Encoder.encodeArrayLoop(Ljava/nio/CharBuffer;Ljava/nio/ByteBuffer;)Ljava/nio/charset/CoderResult; @ 175
Event: 74.572 Thread 0x000000001eed3000 Uncommon trap: reason=unstable_if action=reinterpret pc=0x0000000003dd9a6c method=java.io.BufferedReader.readLine(Z)Ljava/lang/String; @ 192
Event: 74.585 Thread 0x000000001eed1800 Uncommon trap: reason=unstable_if action=reinterpret pc=0x0000000003dd9a6c method=java.io.BufferedReader.readLine(Z)Ljava/lang/String; @ 192

Classes redefined (0 events):
No events

Internal exceptions (10 events):
Event: 68.362 Thread 0x000000001dc5b000 Exception <a 'sun/nio/fs/WindowsException'> (0x00000000e4ada808) thrown at [D:\src\AOSP-openjdk-cygwin\jdk8u\hotspot\src\share\vm\prims\jni.cpp, line 710]
Event: 69.965 Thread 0x000000001dc50800 Implicit null exception at 0x0000000004490156 to 0x0000000004490c55
Event: 70.507 Thread 0x000000001dc50800 Implicit null exception at 0x0000000004491df4 to 0x00000000044923cc
Event: 70.654 Thread 0x000000001dc50800 Implicit null exception at 0x0000000004275faf to 0x00000000042765c5
Event: 71.456 Thread 0x000000001dc50800 Implicit null exception at 0x000000000459bcbb to 0x000000000459cd0d
Event: 72.897 Thread 0x000000001dc50800 Implicit null exception at 0x000000000461b6b1 to 0x0000000004619845
Event: 73.076 Thread 0x000000001dc50800 Exception <a 'java/lang/NoSuchMethodError': <clinit>> (0x00000000e54e1a90) thrown at [D:\src\AOSP-openjdk-cygwin\jdk8u\hotspot\src\share\vm\prims\jni.cpp, line 1614]
Event: 73.090 Thread 0x000000001dc50800 Exception <a 'java/lang/NoSuchMethodError': <clinit>> (0x00000000e5b3f220) thrown at [D:\src\AOSP-openjdk-cygwin\jdk8u\hotspot\src\share\vm\prims\jni.cpp, line 1614]
Event: 73.090 Thread 0x000000001dc50800 Exception <a 'java/lang/NoSuchMethodError': <clinit>> (0x00000000e5b44108) thrown at [D:\src\AOSP-openjdk-cygwin\jdk8u\hotspot\src\share\vm\prims\jni.cpp, line 1614]
Event: 73.101 Thread 0x000000001dc50800 Exception <a 'java/lang/NoSuchMethodError': <clinit>> (0x00000000e5b547e0) thrown at [D:\src\AOSP-openjdk-cygwin\jdk8u\hotspot\src\share\vm\prims\jni.cpp, line 1614]

Events (10 events):
Event: 74.572 Thread 0x000000001eed3000 DEOPT UNPACKING pc=0x00000000028a557b sp=0x000000002823efb0 mode 2
Event: 74.584 Thread 0x000000001eed1800 Uncommon trap: trap_request=0xffffff65 fr.pc=0x0000000003dd9a6c
Event: 74.584 Executing VM operation: RevokeBias
Event: 74.584 Executing VM operation: RevokeBias done
Event: 74.585 Thread 0x000000001eed1800 DEOPT PACKING pc=0x0000000003dd9a6c sp=0x000000002803f250
Event: 74.585 Thread 0x000000001eed1800 DEOPT UNPACKING pc=0x00000000028a557b sp=0x000000002803f240 mode 2
Event: 74.688 Thread 0x000000001eed5800 Thread added: 0x000000001eed5800
Event: 74.892 Thread 0x000000001eed6000 Thread added: 0x000000001eed6000
Event: 74.971 Thread 0x000000001eed7800 Thread added: 0x000000001eed7800
Event: 75.005 Thread 0x000000001eed8800 Thread added: 0x000000001eed8800


Dynamic libraries:
0x00007ff6067e0000 - 0x00007ff606811000 	C:\Program Files\Android\Android Studio\jre\bin\java.exe
0x00007ffc17630000 - 0x00007ffc17825000 	C:\WINDOWS\SYSTEM32\ntdll.dll
0x00007ffc16cc0000 - 0x00007ffc16d7d000 	C:\WINDOWS\System32\KERNEL32.DLL
0x00007ffc14fd0000 - 0x00007ffc15298000 	C:\WINDOWS\System32\KERNELBASE.dll
0x00007ffc17000000 - 0x00007ffc170ac000 	C:\WINDOWS\System32\ADVAPI32.dll
0x00007ffc165f0000 - 0x00007ffc1668e000 	C:\WINDOWS\System32\msvcrt.dll
0x00007ffc15db0000 - 0x00007ffc15e4b000 	C:\WINDOWS\System32\sechost.dll
0x00007ffc16690000 - 0x00007ffc167bb000 	C:\WINDOWS\System32\RPCRT4.dll
0x00007ffc16d80000 - 0x00007ffc16f20000 	C:\WINDOWS\System32\USER32.dll
0x00007ffc15350000 - 0x00007ffc15372000 	C:\WINDOWS\System32\win32u.dll
0x00007ffc15f60000 - 0x00007ffc15f8a000 	C:\WINDOWS\System32\GDI32.dll
0x00007ffc14ec0000 - 0x00007ffc14fcb000 	C:\WINDOWS\System32\gdi32full.dll
0x00007ffc14b70000 - 0x00007ffc14c0d000 	C:\WINDOWS\System32\msvcp_win.dll
0x00007ffc15380000 - 0x00007ffc15480000 	C:\WINDOWS\System32\ucrtbase.dll
0x00007ffbfc7b0000 - 0x00007ffbfca4a000 	C:\WINDOWS\WinSxS\amd64_microsoft.windows.common-controls_6595b64144ccf1df_6.0.19041.844_none_ca00b6081b84eb1d\COMCTL32.dll
0x00007ffc173f0000 - 0x00007ffc17420000 	C:\WINDOWS\System32\IMM32.DLL
0x000000006ecc0000 - 0x000000006ed92000 	C:\Program Files\Android\Android Studio\jre\jre\bin\msvcr100.dll
0x000000006ee80000 - 0x000000006f6c6000 	C:\Program Files\Android\Android Studio\jre\jre\bin\server\jvm.dll
0x00007ffc16560000 - 0x00007ffc16568000 	C:\WINDOWS\System32\PSAPI.DLL
0x00007ffbf8e30000 - 0x00007ffbf8e39000 	C:\WINDOWS\SYSTEM32\WSOCK32.dll
0x00007ffbebdd0000 - 0x00007ffbebdf7000 	C:\WINDOWS\SYSTEM32\WINMM.dll
0x00007ffc0bc00000 - 0x00007ffc0bc0a000 	C:\WINDOWS\SYSTEM32\VERSION.dll
0x00007ffc16c50000 - 0x00007ffc16cbb000 	C:\WINDOWS\System32\WS2_32.dll
0x00007ffbf9850000 - 0x00007ffbf985f000 	C:\Program Files\Android\Android Studio\jre\jre\bin\verify.dll
0x00007ffbd0bb0000 - 0x00007ffbd0bd9000 	C:\Program Files\Android\Android Studio\jre\jre\bin\java.dll
0x00007ffbe3430000 - 0x00007ffbe3446000 	C:\Program Files\Android\Android Studio\jre\jre\bin\zip.dll
0x00007ffc15660000 - 0x00007ffc15da2000 	C:\WINDOWS\System32\SHELL32.dll
0x00007ffc12c30000 - 0x00007ffc133c1000 	C:\WINDOWS\SYSTEM32\windows.storage.dll
0x00007ffc16890000 - 0x00007ffc16be5000 	C:\WINDOWS\System32\combase.dll
0x00007ffc14540000 - 0x00007ffc1456c000 	C:\WINDOWS\SYSTEM32\Wldp.dll
0x00007ffc167c0000 - 0x00007ffc1686e000 	C:\WINDOWS\System32\SHCORE.dll
0x00007ffc170b0000 - 0x00007ffc17105000 	C:\WINDOWS\System32\shlwapi.dll
0x00007ffc14a80000 - 0x00007ffc14a9f000 	C:\WINDOWS\SYSTEM32\profapi.dll
0x00007ffbdd9c0000 - 0x00007ffbdd9da000 	C:\Program Files\Android\Android Studio\jre\jre\bin\net.dll
0x00007ffc14250000 - 0x00007ffc142ba000 	C:\WINDOWS\system32\mswsock.dll
0x00007ffbd6a70000 - 0x00007ffbd6a81000 	C:\Program Files\Android\Android Studio\jre\jre\bin\nio.dll
0x00007ffbc8dc0000 - 0x00007ffbc8de6000 	C:\Users\jdcastro\.gradle\native\29\windows-amd64\native-platform.dll
0x00007ffbf9000000 - 0x00007ffbf900d000 	C:\Program Files\Android\Android Studio\jre\jre\bin\management.dll
0x00007ffc14420000 - 0x00007ffc14438000 	C:\WINDOWS\SYSTEM32\CRYPTSP.dll
0x00007ffc13bf0000 - 0x00007ffc13c24000 	C:\WINDOWS\system32\rsaenh.dll
0x00007ffc14b40000 - 0x00007ffc14b67000 	C:\WINDOWS\System32\bcrypt.dll
0x00007ffc14a00000 - 0x00007ffc14a2e000 	C:\WINDOWS\SYSTEM32\USERENV.dll
0x00007ffc155e0000 - 0x00007ffc15660000 	C:\WINDOWS\System32\bcryptprimitives.dll
0x00007ffc14440000 - 0x00007ffc1444c000 	C:\WINDOWS\SYSTEM32\CRYPTBASE.dll
0x00007ffc13f40000 - 0x00007ffc13f7b000 	C:\WINDOWS\SYSTEM32\IPHLPAPI.DLL
0x00007ffc16870000 - 0x00007ffc16878000 	C:\WINDOWS\System32\NSI.dll
0x00007ffc0f970000 - 0x00007ffc0f987000 	C:\WINDOWS\SYSTEM32\dhcpcsvc6.DLL
0x00007ffc0f940000 - 0x00007ffc0f95d000 	C:\WINDOWS\SYSTEM32\dhcpcsvc.DLL
0x00007ffc13f80000 - 0x00007ffc1404c000 	C:\WINDOWS\SYSTEM32\DNSAPI.dll

VM Arguments:
jvm_args: -Xmx1536m -Dfile.encoding=windows-1252 -Duser.country=CO -Duser.language=es -Duser.variant 
java_command: org.gradle.launcher.daemon.bootstrap.GradleDaemon 5.4.1
java_class_path (initial): C:\Users\jdcastro\.gradle\wrapper\dists\gradle-5.4.1-all\3221gyojl5jsh0helicew7rwx\gradle-5.4.1\lib\gradle-launcher-5.4.1.jar
Launcher Type: SUN_STANDARD

Environment Variables:
JAVA_HOME=C:\Program Files\AdoptOpenJDK\jdk-8.0.265.01-hotspot\
PATH=C:\Program Files (x86)\Common Files\Oracle\Java\javapath;C:\ProgramData\Oracle\Java\javapath;C:\Program Files\AdoptOpenJDK\jdk-8.0.265.01-hotspot\bin;C:\WINDOWS\system32;C:\WINDOWS;C:\WINDOWS\System32\Wbem;C:\WINDOWS\System32\WindowsPowerShell\v1.0\;C:\WINDOWS\System32\OpenSSH\;C:\Program Files\Microsoft VS Code\bin;C:\Program Files\dotnet\;C:\Program Files\Microsoft SQL Server\130\Tools\Binn\;C:\Program Files\Microsoft SQL Server\Client SDK\ODBC\170\Tools\Binn\;C:\Program Files (x86)\dotnet\;C:\Program Files\Git\cmd;C:\Users\jdcastro\AppData\Local\Programs\Python\Python38-32\Scripts\;C:\Users\jdcastro\AppData\Local\Programs\Python\Python38-32\;C:\Users\jdcastro\AppData\Local\Microsoft\WindowsApps;C:\Program Files (x86)\Sophos\Sophos SSL VPN Client\bin;C:\Program Files\Microsoft VS Code\bin;C:\Users\jdcastro\.dotnet\tools;
USERNAME=jdcastro
OS=Windows_NT
PROCESSOR_IDENTIFIER=Intel64 Family 6 Model 142 Stepping 12, GenuineIntel



---------------  S Y S T E M  ---------------

OS: Windows 10.0 , 64 bit Build 19041 (10.0.19041.928)

CPU:total 8 (initial active 8) (4 cores per cpu, 2 threads per core) family 6 model 142 stepping 12, cmov, cx8, fxsr, mmx, sse, sse2, sse3, ssse3, sse4.1, sse4.2, popcnt, avx, avx2, aes, clmul, erms, 3dnowpref, lzcnt, ht, tsc, tscinvbit, bmi1, bmi2, adx

Memory: 4k page, physical 16581700k(2873728k free), swap 21486660k(3440k free)

vm_info: OpenJDK 64-Bit Server VM (25.202-b03) for windows-amd64 JRE (1.8.0_202-release-1483-b03), built by "builder" with MS VC++ 10.0 (VS2010)

time: Wed May 12 20:18:54 2021
timezone: Hora est. Pacífico, Sudamérica
elapsed time: 78 seconds (0d 0h 1m 18s)

